2025-08-08 21:43:10,988 INFO Initialized mock Binance client.
2025-08-08 21:43:15,994 INFO Placed stop-limit order: {'status': 'NEW', 'symbol': 'BTCUSDT', 'side': 'BUY', 'type': 'LIMIT', 'quantity': '0.01', 'price': '40600'}
2025-08-08 21:50:09,852 INFO Initialized mock Binance client.
2025-08-08 21:50:09,853 INFO TWAP slice 1/5: {'status': 'FILLED', 'symbol': 'BTCUSDT', 'side': 'BUY', 'type': 'MARKET', 'quantity': 0.01, 'price': '40000.00'}
2025-08-08 21:50:11,854 INFO TWAP slice 2/5: {'status': 'FILLED', 'symbol': 'BTCUSDT', 'side': 'BUY', 'type': 'MARKET', 'quantity': 0.01, 'price': '40000.00'}
2025-08-08 21:50:13,855 INFO TWAP slice 3/5: {'status': 'FILLED', 'symbol': 'BTCUSDT', 'side': 'BUY', 'type': 'MARKET', 'quantity': 0.01, 'price': '40000.00'}
2025-08-08 21:50:15,858 INFO TWAP slice 4/5: {'status': 'FILLED', 'symbol': 'BTCUSDT', 'side': 'BUY', 'type': 'MARKET', 'quantity': 0.01, 'price': '40000.00'}
2025-08-08 21:50:17,859 INFO TWAP slice 5/5: {'status': 'FILLED', 'symbol': 'BTCUSDT', 'side': 'BUY', 'type': 'MARKET', 'quantity': 0.01, 'price': '40000.00'}
2025-08-08 21:53:41,014 INFO Initialized mock Binance client.
2025-08-08 21:53:46,018 INFO Placed stop-limit order: {'status': 'NEW', 'symbol': 'BTCUSDT', 'side': 'BUY', 'type': 'LIMIT', 'quantity': '0.01', 'price': '40600'}
2025-08-08 21:54:36,439 INFO Initialized mock Binance client.
2025-08-08 21:54:36,439 INFO TWAP slice 1/5: {'status': 'FILLED', 'symbol': 'BTCUSDT', 'side': 'BUY', 'type': 'MARKET', 'quantity': 0.01, 'price': '40000.00'}
2025-08-08 21:54:38,510 INFO TWAP slice 2/5: {'status': 'FILLED', 'symbol': 'BTCUSDT', 'side': 'BUY', 'type': 'MARKET', 'quantity': 0.01, 'price': '40000.00'}
2025-08-08 21:54:40,526 INFO TWAP slice 3/5: {'status': 'FILLED', 'symbol': 'BTCUSDT', 'side': 'BUY', 'type': 'MARKET', 'quantity': 0.01, 'price': '40000.00'}
2025-08-08 21:54:42,527 INFO TWAP slice 4/5: {'status': 'FILLED', 'symbol': 'BTCUSDT', 'side': 'BUY', 'type': 'MARKET', 'quantity': 0.01, 'price': '40000.00'}
2025-08-08 21:54:44,529 INFO TWAP slice 5/5: {'status': 'FILLED', 'symbol': 'BTCUSDT', 'side': 'BUY', 'type': 'MARKET', 'quantity': 0.01, 'price': '40000.00'}
2025-08-08 21:56:26,711 INFO Initialized mock Binance client.
2025-08-08 21:56:26,711 INFO OCO order placed: Take Profit {'status': 'NEW', 'symbol': 'BTCUSDT', 'side': 'SELL', 'type': 'LIMIT', 'quantity': '0.01', 'price': '41500'}, Stop Limit {'status': 'NEW', 'symbol': 'BTCUSDT', 'side': 'SELL', 'type': 'LIMIT', 'quantity': '0.01', 'price': '40400'}
2025-08-08 21:56:26,714 INFO Take Profit filled, cancelling Stop Limit.
2025-08-08 22:00:58,028 INFO Initialized mock Binance client.
2025-08-08 22:00:58,028 INFO OCO order placed: Take Profit {'status': 'NEW', 'symbol': 'BTCUSDT', 'side': 'SELL', 'type': 'LIMIT', 'quantity': '0.01', 'price': '41500'}, Stop Limit {'status': 'NEW', 'symbol': 'BTCUSDT', 'side': 'SELL', 'type': 'LIMIT', 'quantity': '0.01', 'price': '40400'}
2025-08-08 22:00:58,031 INFO Take Profit filled, cancelling Stop Limit.
2025-08-08 22:05:56,746 INFO Initialized mock Binance client.
2025-08-08 22:07:58,062 INFO Initialized mock Binance client.
2025-08-08 22:08:46,730 INFO Initialized mock Binance client.
2025-08-08 22:11:41,765 INFO Initialized mock Binance client.
2025-08-08 22:11:41,765 INFO OCO order placed: Take Profit {'status': 'NEW', 'symbol': 'BTCUSDT', 'side': 'SELL', 'type': 'LIMIT', 'quantity': '0.01', 'price': '41500'}, Stop Limit {'status': 'NEW', 'symbol': 'BTCUSDT', 'side': 'SELL', 'type': 'LIMIT', 'quantity': '0.01', 'price': '40400'}
2025-08-08 22:11:41,767 INFO Stop Limit filled, cancelling Take Profit.
2025-08-08 22:12:11,838 INFO Initialized mock Binance client.
2025-08-08 22:12:11,839 INFO OCO order placed: Take Profit {'status': 'NEW', 'symbol': 'BTCUSDT', 'side': 'SELL', 'type': 'LIMIT', 'quantity': '0.01', 'price': '41500'}, Stop Limit {'status': 'NEW', 'symbol': 'BTCUSDT', 'side': 'SELL', 'type': 'LIMIT', 'quantity': '0.01', 'price': '40400'}
2025-08-08 22:12:11,842 INFO Stop Limit filled, cancelling Take Profit.
2025-08-08 22:13:48,759 INFO Initialized mock Binance client.
2025-08-08 22:13:48,759 INFO TWAP slice 1/5: {'status': 'FILLED', 'symbol': 'BTCUSDT', 'side': 'BUY', 'type': 'MARKET', 'quantity': 0.01, 'price': '40000.00'}
2025-08-08 22:13:58,760 INFO TWAP slice 2/5: {'status': 'FILLED', 'symbol': 'BTCUSDT', 'side': 'BUY', 'type': 'MARKET', 'quantity': 0.01, 'price': '40000.00'}
2025-08-08 22:14:08,761 INFO TWAP slice 3/5: {'status': 'FILLED', 'symbol': 'BTCUSDT', 'side': 'BUY', 'type': 'MARKET', 'quantity': 0.01, 'price': '40000.00'}
2025-08-08 22:14:18,762 INFO TWAP slice 4/5: {'status': 'FILLED', 'symbol': 'BTCUSDT', 'side': 'BUY', 'type': 'MARKET', 'quantity': 0.01, 'price': '40000.00'}
2025-08-08 22:14:28,764 INFO TWAP slice 5/5: {'status': 'FILLED', 'symbol': 'BTCUSDT', 'side': 'BUY', 'type': 'MARKET', 'quantity': 0.01, 'price': '40000.00'}
2025-08-08 22:14:50,243 ERROR Invalid side: WRONG_SIDE
2025-08-08 22:14:50,336 ERROR Invalid quantity: not_a_number
2025-08-08 22:15:54,334 INFO Initialized mock Binance client.
2025-08-08 22:15:59,340 INFO Placed stop-limit order: {'status': 'NEW', 'symbol': 'BTCUSDT', 'side': 'SELL', 'type': 'LIMIT', 'quantity': '0.01', 'price': '40500'}
2025-08-09 11:08:19,812 INFO Initialized mock Binance client.
2025-08-09 11:08:19,812 INFO OCO order placed: Take Profit {'status': 'NEW', 'symbol': 'BTCUSDT', 'side': 'SELL', 'type': 'LIMIT', 'quantity': '0.01', 'price': '41500'}, Stop Limit {'status': 'NEW', 'symbol': 'BTCUSDT', 'side': 'SELL', 'type': 'LIMIT', 'quantity': '0.01', 'price': '40400'}
2025-08-09 11:08:19,816 INFO Take Profit filled, cancelling Stop Limit.
2025-08-09 11:08:37,273 INFO Initialized mock Binance client.
2025-08-09 11:08:42,283 INFO Placed stop-limit order: {'status': 'NEW', 'symbol': 'BTCUSDT', 'side': 'BUY', 'type': 'LIMIT', 'quantity': '0.01', 'price': '40600'}
2025-08-09 11:08:50,551 INFO Initialized mock Binance client.
2025-08-09 11:08:50,551 INFO TWAP slice 1/5: {'status': 'FILLED', 'symbol': 'BTCUSDT', 'side': 'BUY', 'type': 'MARKET', 'quantity': 0.01, 'price': '40000.00'}
2025-08-09 11:08:52,552 INFO TWAP slice 2/5: {'status': 'FILLED', 'symbol': 'BTCUSDT', 'side': 'BUY', 'type': 'MARKET', 'quantity': 0.01, 'price': '40000.00'}
2025-08-09 11:08:54,554 INFO TWAP slice 3/5: {'status': 'FILLED', 'symbol': 'BTCUSDT', 'side': 'BUY', 'type': 'MARKET', 'quantity': 0.01, 'price': '40000.00'}
2025-08-09 11:08:56,555 INFO TWAP slice 4/5: {'status': 'FILLED', 'symbol': 'BTCUSDT', 'side': 'BUY', 'type': 'MARKET', 'quantity': 0.01, 'price': '40000.00'}
2025-08-09 11:08:58,556 INFO TWAP slice 5/5: {'status': 'FILLED', 'symbol': 'BTCUSDT', 'side': 'BUY', 'type': 'MARKET', 'quantity': 0.01, 'price': '40000.00'}
